============================= test session starts ==============================
platform darwin -- Python 3.10.12, pytest-8.3.3, pluggy-1.5.0
cachedir: .cache
rootdir: /Users/rudy/Documents/github/water-column-sonar-processing
configfile: pytest.ini
plugins: cov-6.0.0
collected 35 items

tests/test_create_empty_zarr_store.py .                                  [  2%]
tests/test_dynamodb_manager.py ...                                       [ 11%]
tests/test_geometry_manager.py .                                         [ 14%]
tests/test_geometry_simplification.py .                                  [ 17%]
tests/test_index.py .s                                                   [ 22%]
tests/test_process.py s                                                  [ 25%]
tests/test_raw_to_zarr.py .                                              [ 28%]
tests/test_resample_regrid.py s                                          [ 31%]
tests/test_s3_manager.py .............                                   [ 68%]
tests/test_s3fs_manager.py s                                             [ 71%]
tests/test_s3fs_with_moto.py .                                           [ 74%]
tests/test_sns_sqs_manager.py .                                          [ 77%]
tests/test_zarr_manager.py ........                                      [100%]

--------- coverage: platform darwin, python 3.10.12-final-0 ----------
Name                                                                    Stmts   Miss  Cover
-------------------------------------------------------------------------------------------
src/water_column_sonar_processing/__init__.py                               3      0   100%
src/water_column_sonar_processing/aws/__init__.py                           6      0   100%
src/water_column_sonar_processing/aws/dynamodb_manager.py                  44      2    95%
src/water_column_sonar_processing/aws/s3_manager.py                       137     48    65%
src/water_column_sonar_processing/aws/s3fs_manager.py                      21     13    38%
src/water_column_sonar_processing/aws/sns_manager.py                       18      1    94%
src/water_column_sonar_processing/aws/sqs_manager.py                       17      2    88%
src/water_column_sonar_processing/cruise/__init__.py                        3      0   100%
src/water_column_sonar_processing/cruise/create_empty_zarr_store.py        58      6    90%
src/water_column_sonar_processing/cruise/resample_regrid.py                86     70    19%
src/water_column_sonar_processing/geometry/__init__.py                      4      0   100%
src/water_column_sonar_processing/geometry/geometry_manager.py             79     26    67%
src/water_column_sonar_processing/geometry/geometry_simplification.py      18      9    50%
src/water_column_sonar_processing/geometry/pmtile_generation.py            59     41    31%
src/water_column_sonar_processing/index/__init__.py                         2      0   100%
src/water_column_sonar_processing/index/index_manager.py                   92     64    30%
src/water_column_sonar_processing/model/__init__.py                         2      0   100%
src/water_column_sonar_processing/model/zarr_manager.py                    98     22    78%
src/water_column_sonar_processing/process.py                               31     21    32%
src/water_column_sonar_processing/processing/__init__.py                    3      0   100%
src/water_column_sonar_processing/processing/cruise_sampler.py             75     62    17%
src/water_column_sonar_processing/processing/raw_to_zarr.py                63      3    95%
src/water_column_sonar_processing/utility/__init__.py                       5      0   100%
src/water_column_sonar_processing/utility/cleaner.py                       14      0   100%
src/water_column_sonar_processing/utility/constants.py                     43      0   100%
src/water_column_sonar_processing/utility/pipeline_status.py               43      0   100%
src/water_column_sonar_processing/utility/timestamp.py                      5      0   100%
-------------------------------------------------------------------------------------------
TOTAL                                                                    1029    390    62%


======================== 31 passed, 4 skipped in 8.77s =========================
